Removed Pin From Net: NetName=M1_IN1 Pin=JP?-1
Removed Pin From Net: NetName=M2_IN1 Pin=JP?-2
Removed Pin From Net: NetName=M1_IN2 Pin=JP?-3
Removed Pin From Net: NetName=M2_IN2 Pin=JP?-4
Removed Pin From Net: NetName=M1_IN3 Pin=JP?-5
Removed Pin From Net: NetName=M2_IN3 Pin=JP?-6
Removed Pin From Net: NetName=M1_EN Pin=JP?-7
Removed Pin From Net: NetName=M2_EN Pin=JP?-8
Removed Pin From Net: NetName=VCC3V3 Pin=JP?-9
Removed Pin From Net: NetName=GND Pin=JP?-10
Removed Pin From Net: NetName=VCC3V3 Pin=JP?-11
Removed Pin From Net: NetName=GND Pin=JP?-12
Removed Pin From Net: NetName=VCC3V3 Pin=JP?-13
Removed Pin From Net: NetName=GND Pin=JP?-14
Removed Pin From Net: NetName=VCC5V Pin=JP?-15
Removed Pin From Net: NetName=GND Pin=JP?-16
Removed Pin From Net: NetName=VCC5V Pin=JP?-17
Removed Pin From Net: NetName=GND Pin=JP?-18
Removed Pin From Net: NetName=VCC5V Pin=JP?-19
Removed Pin From Net: NetName=GND Pin=JP?-20
Removed Pin From Net: NetName=M1_OUT2 Pin=U1-5
Removed Pin From Net: NetName=M1_OUT1 Pin=U1-6
Removed Pin From Net: NetName=M2_OUT2 Pin=U2-5
Removed Pin From Net: NetName=M2_OUT1 Pin=U2-6
Removed Member From Class: ClassName=SimpleFOC Member=JP?
Change Component Designator: OldDesignator=C? NewDesignator=C1
Change Component Designator: OldDesignator=C? NewDesignator=C2
Change Component Designator: OldDesignator=C? NewDesignator=C3
Change Component Designator: OldDesignator=C? NewDesignator=C4
Change Component Designator: OldDesignator=C? NewDesignator=C5
Change Component Designator: OldDesignator=C? NewDesignator=C6
Change Component Designator: OldDesignator=C? NewDesignator=C7
Change Component Designator: OldDesignator=C? NewDesignator=C8
Change Component Designator: OldDesignator=C? NewDesignator=C9
Change Component Designator: OldDesignator=C? NewDesignator=C10
Change Component Designator: OldDesignator=C? NewDesignator=C11
Change Component Designator: OldDesignator=C? NewDesignator=C12
Change Component Designator: OldDesignator=D? NewDesignator=D1
Change Component Designator: OldDesignator=D? NewDesignator=D2
Change Component Designator: OldDesignator=D? NewDesignator=D3
Change Component Designator: OldDesignator=E? NewDesignator=E1
Change Component Designator: OldDesignator=E? NewDesignator=E2
Change Component Designator: OldDesignator=E? NewDesignator=E3
Change Component Designator: OldDesignator=E? NewDesignator=E4
Change Component Designator: OldDesignator=IC? NewDesignator=LM2596S
Change Component Designator: OldDesignator=L? NewDesignator=L1
Change Component Designator: OldDesignator=LED? NewDesignator=LED_3V3
Change Component Designator: OldDesignator=R? NewDesignator=R1
Change Component Designator: OldDesignator=R? NewDesignator=R2
Change Component Designator: OldDesignator=R? NewDesignator=R3
Change Component Designator: OldDesignator=R? NewDesignator=R4.7*4
Change Component Designator: OldDesignator=S? NewDesignator=S1
Change Component Designator: OldDesignator=U1 NewDesignator=L6234_M1
Change Component Designator: OldDesignator=U2 NewDesignator=L6234_M2
Change Component Designator: OldDesignator=U? NewDesignator=INA_M1_O1
Change Component Designator: OldDesignator=V? NewDesignator=AMS1117-3V3
Added Component: Designator=C13(C0603_L)
Add component (AddParameter): Name = "BOM名称"; Value = "无极性贴片电容"; VariantName = "[No Variations]"
Add component (AddParameter): Name = "封装库来自淘宝卖家ID：黄晶宝石"; Value = "其他店铺购入均为盗版假冒封装库，请立即申请退款"; VariantName = "[No Variations]"
Add component (AddParameter): Name = "联系卖家，免费查找封装"; Value = "唯一出售店铺网址https://shop463601444.taobao.com"; VariantName = "[No Variations]"
Added Component: Designator=C14(C0603_L)
Add component (AddParameter): Name = "BOM名称"; Value = "无极性贴片电容"; VariantName = "[No Variations]"
Add component (AddParameter): Name = "封装库来自淘宝卖家ID：黄晶宝石"; Value = "其他店铺购入均为盗版假冒封装库，请立即申请退款"; VariantName = "[No Variations]"
Add component (AddParameter): Name = "联系卖家，免费查找封装"; Value = "唯一出售店铺网址https://shop463601444.taobao.com"; VariantName = "[No Variations]"
Added Component: Designator=C15(C0603_L)
Add component (AddParameter): Name = "BOM名称"; Value = "无极性贴片电容"; VariantName = "[No Variations]"
Add component (AddParameter): Name = "封装库来自淘宝卖家ID：黄晶宝石"; Value = "其他店铺购入均为盗版假冒封装库，请立即申请退款"; VariantName = "[No Variations]"
Add component (AddParameter): Name = "联系卖家，免费查找封装"; Value = "唯一出售店铺网址https://shop463601444.taobao.com"; VariantName = "[No Variations]"
Added Component: Designator=C16(C0603_L)
Add component (AddParameter): Name = "BOM名称"; Value = "无极性贴片电容"; VariantName = "[No Variations]"
Add component (AddParameter): Name = "封装库来自淘宝卖家ID：黄晶宝石"; Value = "其他店铺购入均为盗版假冒封装库，请立即申请退款"; VariantName = "[No Variations]"
Add component (AddParameter): Name = "联系卖家，免费查找封装"; Value = "唯一出售店铺网址https://shop463601444.taobao.com"; VariantName = "[No Variations]"
Added Component: Designator=CHS_VCCINA(0603)
Added Component: Designator=INA_M1_O2(INA240A2PWR)
Add component (AddParameter): Name = "Ambient Temperature Range High"; Value = "+125°C"; VariantName = "[No Variations]"
Add component (AddParameter): Name = "Ambient Temperature Range Low"; Value = "-40°C"; VariantName = "[No Variations]"
Add component (AddParameter): Name = "Automotive"; Value = "No"; VariantName = "[No Variations]"
Add component (AddParameter): Name = "Bandwidth"; Value = "400kHz"; VariantName = "[No Variations]"
Add component (AddParameter): Name = "Category"; Value = "IC"; VariantName = "[No Variations]"
Add component (AddParameter): Name = "ComponentLink2Description"; Value = "Datasheet"; VariantName = "[No Variations]"
Add component (AddParameter): Name = "ComponentLink2URL"; Value = "http://www.ti.com/lit/ds/symlink/ina240.pdf"; VariantName = "[No Variations]"
Add component (AddParameter): Name = "Device Class L1"; Value = "Integrated Circuits (ICs)"; VariantName = "[No Variations]"
Add component (AddParameter): Name = "Device Class L2"; Value = "Linear ICs"; VariantName = "[No Variations]"
Add component (AddParameter): Name = "Device Class L3"; Value = "Instrumentation"; VariantName = "[No Variations]"
Add component (AddParameter): Name = "Digikey Description"; Value = "IC AMP CURRENT SENSE 8-TSSOP"; VariantName = "[No Variations]"
Add component (AddParameter): Name = "Height"; Value = "1.2mm"; VariantName = "[No Variations]"
Add component (AddParameter): Name = "Input Bias Current"; Value = "90uA"; VariantName = "[No Variations]"
Add component (AddParameter): Name = "Input Offset Voltage"; Value = "0.005mV"; VariantName = "[No Variations]"
Add component (AddParameter): Name = "Ipc Land Pattern Name"; Value = "SOP65P300X120-8"; VariantName = "[No Variations]"
Add component (AddParameter): Name = "Lead Free"; Value = "Yes"; VariantName = "[No Variations]"
Add component (AddParameter): Name = "Manufacturer"; Value = "Texas Instruments"; VariantName = "[No Variations]"
Add component (AddParameter): Name = "Manufacturer Part Number"; Value = "INA240A2PWR"; VariantName = "[No Variations]"
Add component (AddParameter): Name = "Max Junction Temp"; Value = "+150°C"; VariantName = "[No Variations]"
Add component (AddParameter): Name = "Max Supply Voltage"; Value = "5.5V"; VariantName = "[No Variations]"
Add component (AddParameter): Name = "Min Supply Voltage"; Value = "2.7V"; VariantName = "[No Variations]"
Add component (AddParameter): Name = "Nominal Supply Current"; Value = "1.8mA"; VariantName = "[No Variations]"
Add component (AddParameter): Name = "Number Of Channels"; Value = "1"; VariantName = "[No Variations]"
Add component (AddParameter): Name = "Octopart"; Value = "https://octopart.com/ina240a2pwr-texas+instruments-75431049"; VariantName = "[No Variations]"
Add component (AddParameter): Name = "Package"; Value = "PW0008A"; VariantName = "[No Variations]"
Add component (AddParameter): Name = "RoHS"; Value = "TRUE"; VariantName = "[No Variations]"
Add component (AddParameter): Name = "Standoff Height"; Value = "0.05mm"; VariantName = "[No Variations]"
Add component (AddParameter): Name = "Temperature"; Value = "-40°C to +125°C"; VariantName = "[No Variations]"
Add component (AddParameter): Name = "Temperature Range High"; Value = "+125°C"; VariantName = "[No Variations]"
Add component (AddParameter): Name = "Temperature Range Low"; Value = "-40°C"; VariantName = "[No Variations]"
Add component (AddParameter): Name = "Voltage Gain"; Value = "0.05V/mV"; VariantName = "[No Variations]"
Added Component: Designator=INA_M2_O1(INA240A2PWR)
Add component (AddParameter): Name = "Ambient Temperature Range High"; Value = "+125°C"; VariantName = "[No Variations]"
Add component (AddParameter): Name = "Ambient Temperature Range Low"; Value = "-40°C"; VariantName = "[No Variations]"
Add component (AddParameter): Name = "Automotive"; Value = "No"; VariantName = "[No Variations]"
Add component (AddParameter): Name = "Bandwidth"; Value = "400kHz"; VariantName = "[No Variations]"
Add component (AddParameter): Name = "Category"; Value = "IC"; VariantName = "[No Variations]"
Add component (AddParameter): Name = "ComponentLink2Description"; Value = "Datasheet"; VariantName = "[No Variations]"
Add component (AddParameter): Name = "ComponentLink2URL"; Value = "http://www.ti.com/lit/ds/symlink/ina240.pdf"; VariantName = "[No Variations]"
Add component (AddParameter): Name = "Device Class L1"; Value = "Integrated Circuits (ICs)"; VariantName = "[No Variations]"
Add component (AddParameter): Name = "Device Class L2"; Value = "Linear ICs"; VariantName = "[No Variations]"
Add component (AddParameter): Name = "Device Class L3"; Value = "Instrumentation"; VariantName = "[No Variations]"
Add component (AddParameter): Name = "Digikey Description"; Value = "IC AMP CURRENT SENSE 8-TSSOP"; VariantName = "[No Variations]"
Add component (AddParameter): Name = "Height"; Value = "1.2mm"; VariantName = "[No Variations]"
Add component (AddParameter): Name = "Input Bias Current"; Value = "90uA"; VariantName = "[No Variations]"
Add component (AddParameter): Name = "Input Offset Voltage"; Value = "0.005mV"; VariantName = "[No Variations]"
Add component (AddParameter): Name = "Ipc Land Pattern Name"; Value = "SOP65P300X120-8"; VariantName = "[No Variations]"
Add component (AddParameter): Name = "Lead Free"; Value = "Yes"; VariantName = "[No Variations]"
Add component (AddParameter): Name = "Manufacturer"; Value = "Texas Instruments"; VariantName = "[No Variations]"
Add component (AddParameter): Name = "Manufacturer Part Number"; Value = "INA240A2PWR"; VariantName = "[No Variations]"
Add component (AddParameter): Name = "Max Junction Temp"; Value = "+150°C"; VariantName = "[No Variations]"
Add component (AddParameter): Name = "Max Supply Voltage"; Value = "5.5V"; VariantName = "[No Variations]"
Add component (AddParameter): Name = "Min Supply Voltage"; Value = "2.7V"; VariantName = "[No Variations]"
Add component (AddParameter): Name = "Nominal Supply Current"; Value = "1.8mA"; VariantName = "[No Variations]"
Add component (AddParameter): Name = "Number Of Channels"; Value = "1"; VariantName = "[No Variations]"
Add component (AddParameter): Name = "Octopart"; Value = "https://octopart.com/ina240a2pwr-texas+instruments-75431049"; VariantName = "[No Variations]"
Add component (AddParameter): Name = "Package"; Value = "PW0008A"; VariantName = "[No Variations]"
Add component (AddParameter): Name = "RoHS"; Value = "TRUE"; VariantName = "[No Variations]"
Add component (AddParameter): Name = "Standoff Height"; Value = "0.05mm"; VariantName = "[No Variations]"
Add component (AddParameter): Name = "Temperature"; Value = "-40°C to +125°C"; VariantName = "[No Variations]"
Add component (AddParameter): Name = "Temperature Range High"; Value = "+125°C"; VariantName = "[No Variations]"
Add component (AddParameter): Name = "Temperature Range Low"; Value = "-40°C"; VariantName = "[No Variations]"
Add component (AddParameter): Name = "Voltage Gain"; Value = "0.05V/mV"; VariantName = "[No Variations]"
Added Component: Designator=INA_M2_O2(INA240A2PWR)
Add component (AddParameter): Name = "Ambient Temperature Range High"; Value = "+125°C"; VariantName = "[No Variations]"
Add component (AddParameter): Name = "Ambient Temperature Range Low"; Value = "-40°C"; VariantName = "[No Variations]"
Add component (AddParameter): Name = "Automotive"; Value = "No"; VariantName = "[No Variations]"
Add component (AddParameter): Name = "Bandwidth"; Value = "400kHz"; VariantName = "[No Variations]"
Add component (AddParameter): Name = "Category"; Value = "IC"; VariantName = "[No Variations]"
Add component (AddParameter): Name = "ComponentLink2Description"; Value = "Datasheet"; VariantName = "[No Variations]"
Add component (AddParameter): Name = "ComponentLink2URL"; Value = "http://www.ti.com/lit/ds/symlink/ina240.pdf"; VariantName = "[No Variations]"
Add component (AddParameter): Name = "Device Class L1"; Value = "Integrated Circuits (ICs)"; VariantName = "[No Variations]"
Add component (AddParameter): Name = "Device Class L2"; Value = "Linear ICs"; VariantName = "[No Variations]"
Add component (AddParameter): Name = "Device Class L3"; Value = "Instrumentation"; VariantName = "[No Variations]"
Add component (AddParameter): Name = "Digikey Description"; Value = "IC AMP CURRENT SENSE 8-TSSOP"; VariantName = "[No Variations]"
Add component (AddParameter): Name = "Height"; Value = "1.2mm"; VariantName = "[No Variations]"
Add component (AddParameter): Name = "Input Bias Current"; Value = "90uA"; VariantName = "[No Variations]"
Add component (AddParameter): Name = "Input Offset Voltage"; Value = "0.005mV"; VariantName = "[No Variations]"
Add component (AddParameter): Name = "Ipc Land Pattern Name"; Value = "SOP65P300X120-8"; VariantName = "[No Variations]"
Add component (AddParameter): Name = "Lead Free"; Value = "Yes"; VariantName = "[No Variations]"
Add component (AddParameter): Name = "Manufacturer"; Value = "Texas Instruments"; VariantName = "[No Variations]"
Add component (AddParameter): Name = "Manufacturer Part Number"; Value = "INA240A2PWR"; VariantName = "[No Variations]"
Add component (AddParameter): Name = "Max Junction Temp"; Value = "+150°C"; VariantName = "[No Variations]"
Add component (AddParameter): Name = "Max Supply Voltage"; Value = "5.5V"; VariantName = "[No Variations]"
Add component (AddParameter): Name = "Min Supply Voltage"; Value = "2.7V"; VariantName = "[No Variations]"
Add component (AddParameter): Name = "Nominal Supply Current"; Value = "1.8mA"; VariantName = "[No Variations]"
Add component (AddParameter): Name = "Number Of Channels"; Value = "1"; VariantName = "[No Variations]"
Add component (AddParameter): Name = "Octopart"; Value = "https://octopart.com/ina240a2pwr-texas+instruments-75431049"; VariantName = "[No Variations]"
Add component (AddParameter): Name = "Package"; Value = "PW0008A"; VariantName = "[No Variations]"
Add component (AddParameter): Name = "RoHS"; Value = "TRUE"; VariantName = "[No Variations]"
Add component (AddParameter): Name = "Standoff Height"; Value = "0.05mm"; VariantName = "[No Variations]"
Add component (AddParameter): Name = "Temperature"; Value = "-40°C to +125°C"; VariantName = "[No Variations]"
Add component (AddParameter): Name = "Temperature Range High"; Value = "+125°C"; VariantName = "[No Variations]"
Add component (AddParameter): Name = "Temperature Range Low"; Value = "-40°C"; VariantName = "[No Variations]"
Add component (AddParameter): Name = "Voltage Gain"; Value = "0.05V/mV"; VariantName = "[No Variations]"
Added Component: Designator=OUT(HDR2.54-LI-2x12P)
Add component (AddParameter): Name = "BOM名称"; Value = "12*2P接插件"; VariantName = "[No Variations]"
Add component (AddParameter): Name = "封装库来自淘宝卖家 ID：黄晶宝石"; Value = "其他店铺购入均为盗版假冒封装库"; VariantName = "[No Variations]"
Add component (AddParameter): Name = "联系卖家，免费查找封装"; Value = "唯一出售店铺网址https://shop463601444.taobao.com"; VariantName = "[No Variations]"
Added Component: Designator=R4(R0603_L)
Add component (AddParameter): Name = "BOM名称"; Value = "贴片电阻"; VariantName = "[No Variations]"
Add component (AddParameter): Name = "封装库来自淘宝卖家ID：黄晶宝石"; Value = "其他店铺购入均为盗版假冒封装库，请立即申请退款"; VariantName = "[No Variations]"
Add component (AddParameter): Name = "联系卖家，免费查找封装"; Value = "唯一出售店铺网址https://shop463601444.taobao.com"; VariantName = "[No Variations]"
Added Component: Designator=R5(R0603_L)
Add component (AddParameter): Name = "BOM名称"; Value = "贴片电阻"; VariantName = "[No Variations]"
Add component (AddParameter): Name = "封装库来自淘宝卖家ID：黄晶宝石"; Value = "其他店铺购入均为盗版假冒封装库，请立即申请退款"; VariantName = "[No Variations]"
Add component (AddParameter): Name = "联系卖家，免费查找封装"; Value = "唯一出售店铺网址https://shop463601444.taobao.com"; VariantName = "[No Variations]"
Added Component: Designator=R6(R0603_L)
Add component (AddParameter): Name = "BOM名称"; Value = "贴片电阻"; VariantName = "[No Variations]"
Add component (AddParameter): Name = "封装库来自淘宝卖家ID：黄晶宝石"; Value = "其他店铺购入均为盗版假冒封装库，请立即申请退款"; VariantName = "[No Variations]"
Add component (AddParameter): Name = "联系卖家，免费查找封装"; Value = "唯一出售店铺网址https://shop463601444.taobao.com"; VariantName = "[No Variations]"
Added Component: Designator=R7(R0603_L)
Add component (AddParameter): Name = "BOM名称"; Value = "贴片电阻"; VariantName = "[No Variations]"
Add component (AddParameter): Name = "封装库来自淘宝卖家ID：黄晶宝石"; Value = "其他店铺购入均为盗版假冒封装库，请立即申请退款"; VariantName = "[No Variations]"
Add component (AddParameter): Name = "联系卖家，免费查找封装"; Value = "唯一出售店铺网址https://shop463601444.taobao.com"; VariantName = "[No Variations]"
Added Pin To Net: NetName=GND Pin=C13-1
Added Pin To Net: NetName=GND Pin=C14-1
Added Pin To Net: NetName=GND Pin=C15-1
Added Pin To Net: NetName=GND Pin=C16-1
Added Pin To Net: NetName=VCC5V Pin=CHS_VCCINA-2
Added Pin To Net: NetName=VCC3V3 Pin=CHS_VCCINA-3
Added Pin To Net: NetName=GND Pin=INA_M1_O1-1
Added Pin To Net: NetName=M1_OUT1 Pin=INA_M1_O1-3
Added Pin To Net: NetName=GND Pin=INA_M1_O1-4
Added Pin To Net: NetName=GND Pin=INA_M1_O1-7
Added Pin To Net: NetName=GND Pin=INA_M1_O2-1
Added Pin To Net: NetName=M1_OUT2 Pin=INA_M1_O2-3
Added Pin To Net: NetName=GND Pin=INA_M1_O2-4
Added Pin To Net: NetName=GND Pin=INA_M1_O2-7
Added Pin To Net: NetName=GND Pin=INA_M2_O1-1
Added Pin To Net: NetName=M2_OUT1 Pin=INA_M2_O1-3
Added Pin To Net: NetName=GND Pin=INA_M2_O1-4
Added Pin To Net: NetName=GND Pin=INA_M2_O1-7
Added Pin To Net: NetName=GND Pin=INA_M2_O2-1
Added Pin To Net: NetName=M2_OUT2 Pin=INA_M2_O2-3
Added Pin To Net: NetName=GND Pin=INA_M2_O2-4
Added Pin To Net: NetName=GND Pin=INA_M2_O2-7
Added Pin To Net: NetName=M1_IN1 Pin=OUT-1
Added Pin To Net: NetName=M2_IN1 Pin=OUT-2
Added Pin To Net: NetName=M1_IN2 Pin=OUT-3
Added Pin To Net: NetName=M2_IN2 Pin=OUT-4
Added Pin To Net: NetName=M1_IN3 Pin=OUT-5
Added Pin To Net: NetName=M2_IN3 Pin=OUT-6
Added Pin To Net: NetName=M1_EN Pin=OUT-7
Added Pin To Net: NetName=M2_EN Pin=OUT-8
Added Pin To Net: NetName=VCC3V3 Pin=OUT-13
Added Pin To Net: NetName=GND Pin=OUT-14
Added Pin To Net: NetName=VCC3V3 Pin=OUT-15
Added Pin To Net: NetName=GND Pin=OUT-16
Added Pin To Net: NetName=VCC3V3 Pin=OUT-17
Added Pin To Net: NetName=GND Pin=OUT-18
Added Pin To Net: NetName=VCC5V Pin=OUT-19
Added Pin To Net: NetName=GND Pin=OUT-20
Added Pin To Net: NetName=VCC5V Pin=OUT-21
Added Pin To Net: NetName=GND Pin=OUT-22
Added Pin To Net: NetName=VCC5V Pin=OUT-23
Added Pin To Net: NetName=GND Pin=OUT-24
Added Pin To Net: NetName=M1_OUT1 Pin=R4-2
Added Pin To Net: NetName=M1_OUT2 Pin=R5-2
Added Pin To Net: NetName=M2_OUT1 Pin=R6-2
Added Pin To Net: NetName=M2_OUT2 Pin=R7-2
Change Net Name : Old Net Name=NetC?_1 New Net Name=NetC7_1
Change Net Name : Old Net Name=NetC?_2 New Net Name=NetC7_2
Change Net Name : Old Net Name=NetD?_2 New Net Name=NetD1_2
Change Net Name : Old Net Name=NetLED?_1 New Net Name=NetLED_3V3_1
Change Net Name : Old Net Name=NetS?_2 New Net Name=NetS1_2
Added Pin To Net: NetName=M1_O1 Pin=INA_M1_O1-8
Added Pin To Net: NetName=M1_O1 Pin=OUT-9
Added Net: Name=M1_O1
Added Pin To Net: NetName=M1_O2 Pin=INA_M1_O2-8
Added Pin To Net: NetName=M1_O2 Pin=OUT-11
Added Net: Name=M1_O2
Added Pin To Net: NetName=M1_OUT1_P Pin=INA_M1_O1-2
Added Pin To Net: NetName=M1_OUT1_P Pin=L6234_M1-6
Added Pin To Net: NetName=M1_OUT1_P Pin=R4-1
Added Net: Name=M1_OUT1_P
Added Pin To Net: NetName=M1_OUT2_P Pin=INA_M1_O2-2
Added Pin To Net: NetName=M1_OUT2_P Pin=L6234_M1-5
Added Pin To Net: NetName=M1_OUT2_P Pin=R5-1
Added Net: Name=M1_OUT2_P
Added Pin To Net: NetName=M2_O1 Pin=INA_M2_O1-8
Added Pin To Net: NetName=M2_O1 Pin=OUT-10
Added Net: Name=M2_O1
Added Pin To Net: NetName=M2_O2 Pin=INA_M2_O2-8
Added Pin To Net: NetName=M2_O2 Pin=OUT-12
Added Net: Name=M2_O2
Added Pin To Net: NetName=M2_OUT1_P Pin=INA_M2_O1-2
Added Pin To Net: NetName=M2_OUT1_P Pin=L6234_M2-6
Added Pin To Net: NetName=M2_OUT1_P Pin=R6-1
Added Net: Name=M2_OUT1_P
Added Pin To Net: NetName=M2_OUT2_P Pin=INA_M2_O2-2
Added Pin To Net: NetName=M2_OUT2_P Pin=L6234_M2-5
Added Pin To Net: NetName=M2_OUT2_P Pin=R7-1
Added Net: Name=M2_OUT2_P
Added Pin To Net: NetName=NetC5_1 Pin=C5-1
Added Pin To Net: NetName=NetC5_1 Pin=D2-2
Added Pin To Net: NetName=NetC5_1 Pin=L6234_M1-18
Added Net: Name=NetC5_1
Added Pin To Net: NetName=NetC6_1 Pin=C6-1
Added Pin To Net: NetName=NetC6_1 Pin=D3-2
Added Pin To Net: NetName=NetC6_1 Pin=L6234_M2-18
Added Net: Name=NetC6_1
Added Pin To Net: NetName=NetC8_1 Pin=C8-1
Added Pin To Net: NetName=NetC8_1 Pin=L6234_M2-17
Added Net: Name=NetC8_1
Added Pin To Net: NetName=NetC8_2 Pin=C8-2
Added Pin To Net: NetName=NetC8_2 Pin=D3-3
Added Net: Name=NetC8_2
Added Pin To Net: NetName=NetC9_2 Pin=C9-2
Added Pin To Net: NetName=NetC9_2 Pin=L6234_M1-16
Added Net: Name=NetC9_2
Added Pin To Net: NetName=NetC10_2 Pin=C10-2
Added Pin To Net: NetName=NetC10_2 Pin=L6234_M2-16
Added Net: Name=NetC10_2
Added Pin To Net: NetName=VCCINA240 Pin=C13-2
Added Pin To Net: NetName=VCCINA240 Pin=C14-2
Added Pin To Net: NetName=VCCINA240 Pin=C15-2
Added Pin To Net: NetName=VCCINA240 Pin=C16-2
Added Pin To Net: NetName=VCCINA240 Pin=INA_M1_O1-5
Added Pin To Net: NetName=VCCINA240 Pin=INA_M1_O1-6
Added Pin To Net: NetName=VCCINA240 Pin=INA_M1_O2-5
Added Pin To Net: NetName=VCCINA240 Pin=INA_M1_O2-6
Added Pin To Net: NetName=VCCINA240 Pin=INA_M2_O1-5
Added Pin To Net: NetName=VCCINA240 Pin=INA_M2_O1-6
Added Pin To Net: NetName=VCCINA240 Pin=INA_M2_O2-5
Added Pin To Net: NetName=VCCINA240 Pin=INA_M2_O2-6
Added Net: Name=VCCINA240
Added Pin To Net: NetName=VCCINA Pin=CHS_VCCINA-1
Added Net: Name=VCCINA
Added Member To Class: ClassName=SimpleFOC Member=Component C2 0.1uf/50V
Added Member To Class: ClassName=SimpleFOC Member=Component C3 0.1uf/50V
Added Member To Class: ClassName=SimpleFOC Member=Component C4 22uf/50V
Added Member To Class: ClassName=SimpleFOC Member=Component C5 220nf/50V
Added Member To Class: ClassName=SimpleFOC Member=Component C6 220nf/50V
Added Member To Class: ClassName=SimpleFOC Member=Component C7 10nf/50V
Added Member To Class: ClassName=SimpleFOC Member=Component C8 10nf/50V
Added Member To Class: ClassName=SimpleFOC Member=Component C9 1uf/50V
Added Member To Class: ClassName=SimpleFOC Member=Component C10 1uf/50V
Added Member To Class: ClassName=SimpleFOC Member=Component C11 100nf/50V
Added Member To Class: ClassName=SimpleFOC Member=Component C12 100nf/50V
Added Member To Class: ClassName=SimpleFOC Member=Component C13 0.1uf/50V
Added Member To Class: ClassName=SimpleFOC Member=Component C14 0.1uf/50V
Added Member To Class: ClassName=SimpleFOC Member=Component C15 0.1uf/50V
Added Member To Class: ClassName=SimpleFOC Member=Component C16 0.1uf/50V
Added Member To Class: ClassName=SimpleFOC Member=Component CHS_VCCINA 跳线
Added Member To Class: ClassName=SimpleFOC Member=Component D1 SS54
Added Member To Class: ClassName=SimpleFOC Member=Component D3 BAT54C
Added Member To Class: ClassName=SimpleFOC Member=Component E2 680uf/35V
Added Member To Class: ClassName=SimpleFOC Member=Component E3 100uf/35V
Added Member To Class: ClassName=SimpleFOC Member=Component E4 100uf/35V
Added Member To Class: ClassName=SimpleFOC Member=Component INA_M1_O2 INA240A2PWR
Added Member To Class: ClassName=SimpleFOC Member=Component INA_M2_O1 INA240A2PWR
Added Member To Class: ClassName=SimpleFOC Member=Component INA_M2_O2 INA240A2PWR
Added Member To Class: ClassName=SimpleFOC Member=Component OUT Header 2X11
Added Member To Class: ClassName=SimpleFOC Member=Component R1 1K
Added Member To Class: ClassName=SimpleFOC Member=Component R2 4.7K
Added Member To Class: ClassName=SimpleFOC Member=Component R3 4.7K
Added Member To Class: ClassName=SimpleFOC Member=Component R4 0.01R
Added Member To Class: ClassName=SimpleFOC Member=Component R5 0.01R
Added Member To Class: ClassName=SimpleFOC Member=Component R6 0.01R
Added Member To Class: ClassName=SimpleFOC Member=Component R7 0.01R
